{"/home/aldebaran/project/MyDigitalSchool/mds-m1-reactiontest-mono/api/src/app.ts": {"path":"/home/aldebaran/project/MyDigitalSchool/mds-m1-reactiontest-mono/api/src/app.ts","statementMap":{"0":{"start":{"line":1,"column":0},"end":{"line":1,"column":24}},"1":{"start":{"line":2,"column":0},"end":{"line":2,"column":28}},"2":{"start":{"line":3,"column":0},"end":{"line":3,"column":30}},"3":{"start":{"line":4,"column":0},"end":{"line":4,"column":32}},"4":{"start":{"line":6,"column":0},"end":{"line":6,"column":16}},"5":{"start":{"line":8,"column":0},"end":{"line":8,"column":55}},"6":{"start":{"line":9,"column":0},"end":{"line":9,"column":55}},"7":{"start":{"line":12,"column":12},"end":{"line":12,"column":21}},"8":{"start":{"line":13,"column":0},"end":{"line":13,"column":24}},"9":{"start":{"line":14,"column":0},"end":{"line":14,"column":48}},"10":{"start":{"line":15,"column":0},"end":{"line":15,"column":16}},"11":{"start":{"line":16,"column":0},"end":{"line":16,"column":31}},"12":{"start":{"line":17,"column":0},"end":{"line":17,"column":31}},"13":{"start":{"line":19,"column":13},"end":{"line":19,"column":17}},"14":{"start":{"line":21,"column":0},"end":{"line":24,"column":3}},"15":{"start":{"line":21,"column":28},"end":{"line":24,"column":2}},"16":{"start":{"line":22,"column":1},"end":{"line":22,"column":55}},"17":{"start":{"line":23,"column":1},"end":{"line":23,"column":44}}},"fnMap":{"0":{"name":"(anonymous_8)","decl":{"start":{"line":21,"column":17},"end":{"line":21,"column":26}},"loc":{"start":{"line":21,"column":28},"end":{"line":24,"column":2}}},"1":{"name":"(anonymous_9)","decl":{"start":{"line":21,"column":28},"end":{"line":21,"column":null}},"loc":{"start":{"line":21,"column":28},"end":{"line":24,"column":1}}}},"branchMap":{},"s":{"0":0,"1":0,"2":0,"3":0,"4":0,"5":0,"6":0,"7":0,"8":0,"9":0,"10":0,"11":0,"12":0,"13":0,"14":0,"15":0,"16":0,"17":0},"f":{"0":0,"1":0},"b":{}}
,"/home/aldebaran/project/MyDigitalSchool/mds-m1-reactiontest-mono/api/src/controllers/auth.controler.ts": {"path":"/home/aldebaran/project/MyDigitalSchool/mds-m1-reactiontest-mono/api/src/controllers/auth.controler.ts","statementMap":{"0":{"start":{"line":1,"column":0},"end":{"line":1,"column":30}},"1":{"start":{"line":2,"column":0},"end":{"line":2,"column":43}},"2":{"start":{"line":3,"column":0},"end":{"line":3,"column":68}},"3":{"start":{"line":5,"column":15},"end":{"line":5,"column":31}},"4":{"start":{"line":7,"column":0},"end":{"line":22,"column":null}},"5":{"start":{"line":7,"column":41},"end":{"line":22,"column":2}},"6":{"start":{"line":9,"column":23},"end":{"line":9,"column":44}},"7":{"start":{"line":10,"column":30},"end":{"line":10,"column":38}},"8":{"start":{"line":12,"column":2},"end":{"line":15,"column":3}},"9":{"start":{"line":13,"column":4},"end":{"line":13,"column":77}},"10":{"start":{"line":14,"column":3},"end":{"line":14,"column":9}},"11":{"start":{"line":16,"column":4},"end":{"line":21,"column":5}},"12":{"start":{"line":17,"column":24},"end":{"line":17,"column":56}},"13":{"start":{"line":18,"column":6},"end":{"line":18,"column":52}},"14":{"start":{"line":20,"column":6},"end":{"line":20,"column":71}},"15":{"start":{"line":25,"column":0},"end":{"line":47,"column":null}},"16":{"start":{"line":25,"column":40},"end":{"line":47,"column":2}},"17":{"start":{"line":27,"column":23},"end":{"line":27,"column":56}},"18":{"start":{"line":28,"column":40},"end":{"line":28,"column":48}},"19":{"start":{"line":30,"column":2},"end":{"line":33,"column":3}},"20":{"start":{"line":31,"column":4},"end":{"line":31,"column":77}},"21":{"start":{"line":32,"column":4},"end":{"line":32,"column":10}},"22":{"start":{"line":35,"column":21},"end":{"line":35,"column":71}},"23":{"start":{"line":37,"column":2},"end":{"line":39,"column":3}},"24":{"start":{"line":38,"column":2},"end":{"line":38,"column":61}},"25":{"start":{"line":41,"column":2},"end":{"line":46,"column":3}},"26":{"start":{"line":42,"column":33},"end":{"line":42,"column":78}},"27":{"start":{"line":43,"column":4},"end":{"line":43,"column":67}},"28":{"start":{"line":45,"column":4},"end":{"line":45,"column":66}},"29":{"start":{"line":49,"column":0},"end":{"line":49,"column":23}}},"fnMap":{"0":{"name":"(anonymous_8)","decl":{"start":{"line":7,"column":22},"end":{"line":7,"column":29}},"loc":{"start":{"line":7,"column":41},"end":{"line":22,"column":2}}},"1":{"name":"(anonymous_9)","decl":{"start":{"line":7,"column":41},"end":{"line":7,"column":null}},"loc":{"start":{"line":7,"column":41},"end":{"line":22,"column":1}}},"2":{"name":"(anonymous_10)","decl":{"start":{"line":25,"column":24},"end":{"line":25,"column":30}},"loc":{"start":{"line":25,"column":40},"end":{"line":47,"column":2}}},"3":{"name":"(anonymous_11)","decl":{"start":{"line":25,"column":40},"end":{"line":25,"column":null}},"loc":{"start":{"line":25,"column":40},"end":{"line":47,"column":1}}}},"branchMap":{"0":{"loc":{"start":{"line":12,"column":2},"end":{"line":15,"column":3}},"type":"if","locations":[{"start":{"line":12,"column":2},"end":{"line":15,"column":3}}]},"1":{"loc":{"start":{"line":30,"column":2},"end":{"line":33,"column":3}},"type":"if","locations":[{"start":{"line":30,"column":2},"end":{"line":33,"column":3}}]},"2":{"loc":{"start":{"line":37,"column":2},"end":{"line":39,"column":3}},"type":"if","locations":[{"start":{"line":37,"column":2},"end":{"line":39,"column":3}}]}},"s":{"0":0,"1":0,"2":0,"3":0,"4":0,"5":0,"6":0,"7":0,"8":0,"9":0,"10":0,"11":0,"12":0,"13":0,"14":0,"15":0,"16":0,"17":0,"18":0,"19":0,"20":0,"21":0,"22":0,"23":0,"24":0,"25":0,"26":0,"27":0,"28":0,"29":0},"f":{"0":0,"1":0,"2":0,"3":0},"b":{"0":[0],"1":[0],"2":[0]}}
,"/home/aldebaran/project/MyDigitalSchool/mds-m1-reactiontest-mono/api/src/models/timer.models.ts": {"path":"/home/aldebaran/project/MyDigitalSchool/mds-m1-reactiontest-mono/api/src/models/timer.models.ts","statementMap":{"0":{"start":{"line":1,"column":0},"end":{"line":1,"column":73}},"1":{"start":{"line":9,"column":37},"end":{"line":12,"column":2}},"2":{"start":{"line":14,"column":29},"end":{"line":14,"column":73}},"3":{"start":{"line":16,"column":0},"end":{"line":16,"column":21}}},"fnMap":{},"branchMap":{},"s":{"0":0,"1":0,"2":0,"3":0},"f":{},"b":{}}
,"/home/aldebaran/project/MyDigitalSchool/mds-m1-reactiontest-mono/api/src/models/user.models.ts": {"path":"/home/aldebaran/project/MyDigitalSchool/mds-m1-reactiontest-mono/api/src/models/user.models.ts","statementMap":{"0":{"start":{"line":1,"column":0},"end":{"line":1,"column":61}},"1":{"start":{"line":9,"column":34},"end":{"line":14,"column":2}},"2":{"start":{"line":17,"column":27},"end":{"line":17,"column":68}},"3":{"start":{"line":19,"column":0},"end":{"line":19,"column":20}}},"fnMap":{},"branchMap":{},"s":{"0":2,"1":2,"2":2,"3":2},"f":{},"b":{}}
,"/home/aldebaran/project/MyDigitalSchool/mds-m1-reactiontest-mono/api/src/services/auth.services.ts": {"path":"/home/aldebaran/project/MyDigitalSchool/mds-m1-reactiontest-mono/api/src/services/auth.services.ts","statementMap":{"0":{"start":{"line":3,"column":0},"end":{"line":3,"column":41}},"1":{"start":{"line":4,"column":0},"end":{"line":4,"column":30}},"2":{"start":{"line":5,"column":0},"end":{"line":5,"column":31}},"3":{"start":{"line":7,"column":15},"end":{"line":7,"column":49}},"4":{"start":{"line":9,"column":22},"end":{"line":13,"column":1}},"5":{"start":{"line":10,"column":2},"end":{"line":12,"column":5}},"6":{"start":{"line":15,"column":18},"end":{"line":28,"column":2}},"7":{"start":{"line":15,"column":60},"end":{"line":28,"column":2}},"8":{"start":{"line":16,"column":15},"end":{"line":16,"column":44}},"9":{"start":{"line":17,"column":2},"end":{"line":19,"column":3}},"10":{"start":{"line":18,"column":4},"end":{"line":18,"column":43}},"11":{"start":{"line":21,"column":26},"end":{"line":21,"column":69}},"12":{"start":{"line":22,"column":2},"end":{"line":24,"column":3}},"13":{"start":{"line":23,"column":4},"end":{"line":23,"column":43}},"14":{"start":{"line":26,"column":16},"end":{"line":26,"column":61}},"15":{"start":{"line":27,"column":2},"end":{"line":27,"column":19}},"16":{"start":{"line":52,"column":9},"end":{"line":52,"column":18}},"17":{"start":{"line":30,"column":21},"end":{"line":50,"column":2}},"18":{"start":{"line":30,"column":81},"end":{"line":50,"column":2}},"19":{"start":{"line":31,"column":23},"end":{"line":31,"column":52}},"20":{"start":{"line":32,"column":2},"end":{"line":34,"column":3}},"21":{"start":{"line":33,"column":4},"end":{"line":33,"column":43}},"22":{"start":{"line":36,"column":18},"end":{"line":40,"column":4}},"23":{"start":{"line":42,"column":20},"end":{"line":42,"column":40}},"24":{"start":{"line":43,"column":16},"end":{"line":43,"column":71}},"25":{"start":{"line":45,"column":2},"end":{"line":45,"column":26}},"26":{"start":{"line":46,"column":2},"end":{"line":46,"column":25}},"27":{"start":{"line":49,"column":2},"end":{"line":49,"column":30}},"28":{"start":{"line":52,"column":20},"end":{"line":52,"column":32}}},"fnMap":{"0":{"name":"(anonymous_8)","decl":{"start":{"line":9,"column":22},"end":{"line":9,"column":23}},"loc":{"start":{"line":9,"column":52},"end":{"line":13,"column":1}}},"1":{"name":"(anonymous_9)","decl":{"start":{"line":15,"column":18},"end":{"line":15,"column":25}},"loc":{"start":{"line":15,"column":60},"end":{"line":28,"column":2}}},"2":{"name":"(anonymous_10)","decl":{"start":{"line":15,"column":60},"end":{"line":15,"column":null}},"loc":{"start":{"line":15,"column":60},"end":{"line":28,"column":1}}},"3":{"name":"(anonymous_11)","decl":{"start":{"line":30,"column":21},"end":{"line":30,"column":28}},"loc":{"start":{"line":30,"column":81},"end":{"line":50,"column":2}}},"4":{"name":"(anonymous_12)","decl":{"start":{"line":30,"column":81},"end":{"line":30,"column":null}},"loc":{"start":{"line":30,"column":81},"end":{"line":50,"column":1}}}},"branchMap":{"0":{"loc":{"start":{"line":7,"column":15},"end":{"line":7,"column":49}},"type":"binary-expr","locations":[{"start":{"line":7,"column":15},"end":{"line":7,"column":37}},{"start":{"line":7,"column":41},"end":{"line":7,"column":49}}]},"1":{"loc":{"start":{"line":17,"column":2},"end":{"line":19,"column":3}},"type":"if","locations":[{"start":{"line":17,"column":2},"end":{"line":19,"column":3}}]},"2":{"loc":{"start":{"line":22,"column":2},"end":{"line":24,"column":3}},"type":"if","locations":[{"start":{"line":22,"column":2},"end":{"line":24,"column":3}}]},"3":{"loc":{"start":{"line":32,"column":2},"end":{"line":34,"column":3}},"type":"if","locations":[{"start":{"line":32,"column":2},"end":{"line":34,"column":3}}]}},"s":{"0":2,"1":2,"2":2,"3":2,"4":2,"5":2,"6":2,"7":3,"8":3,"9":3,"10":1,"11":2,"12":2,"13":1,"14":1,"15":1,"16":2,"17":2,"18":2,"19":2,"20":2,"21":1,"22":1,"23":1,"24":1,"25":1,"26":1,"27":1,"28":2},"f":{"0":2,"1":3,"2":3,"3":2,"4":2},"b":{"0":[2,2],"1":[1],"2":[1],"3":[1]}}
,"/home/aldebaran/project/MyDigitalSchool/mds-m1-reactiontest-mono/api/src/utils/checkbody.ts": {"path":"/home/aldebaran/project/MyDigitalSchool/mds-m1-reactiontest-mono/api/src/utils/checkbody.ts","statementMap":{"0":{"start":{"line":2,"column":22},"end":{"line":2,"column":26}},"1":{"start":{"line":4,"column":22},"end":{"line":4,"column":29}},"2":{"start":{"line":6,"column":8},"end":{"line":14,"column":9}},"3":{"start":{"line":7,"column":10},"end":{"line":10,"column":11}},"4":{"start":{"line":9,"column":12},"end":{"line":9,"column":66}},"5":{"start":{"line":11,"column":10},"end":{"line":13,"column":11}},"6":{"start":{"line":12,"column":12},"end":{"line":12,"column":28}},"7":{"start":{"line":16,"column":8},"end":{"line":16,"column":23}},"8":{"start":{"line":20,"column":1},"end":{"line":20,"column":26}}},"fnMap":{"0":{"name":"checkBody","decl":{"start":{"line":1,"column":13},"end":{"line":1,"column":22}},"loc":{"start":{"line":1,"column":46},"end":{"line":18,"column":7}}}},"branchMap":{"0":{"loc":{"start":{"line":7,"column":10},"end":{"line":10,"column":11}},"type":"if","locations":[{"start":{"line":7,"column":10},"end":{"line":10,"column":11}}]},"1":{"loc":{"start":{"line":11,"column":10},"end":{"line":13,"column":11}},"type":"if","locations":[{"start":{"line":11,"column":10},"end":{"line":13,"column":11}}]},"2":{"loc":{"start":{"line":11,"column":14},"end":{"line":11,"column":75}},"type":"binary-expr","locations":[{"start":{"line":11,"column":14},"end":{"line":11,"column":26}},{"start":{"line":11,"column":30},"end":{"line":11,"column":48}},{"start":{"line":11,"column":52},"end":{"line":11,"column":75}}]}},"s":{"0":0,"1":0,"2":0,"3":0,"4":0,"5":0,"6":0,"7":0,"8":0},"f":{"0":0},"b":{"0":[0],"1":[0],"2":[0,0,0]}}
}
