TN:
SF:src/app.ts
FN:21,(anonymous_8)
FN:21,(anonymous_9)
FNF:2
FNH:0
FNDA:0,(anonymous_8)
FNDA:0,(anonymous_9)
DA:1,0
DA:2,0
DA:3,0
DA:4,0
DA:6,0
DA:8,0
DA:9,0
DA:12,0
DA:13,0
DA:14,0
DA:15,0
DA:16,0
DA:17,0
DA:19,0
DA:21,0
DA:22,0
DA:23,0
LF:17
LH:0
BRF:0
BRH:0
end_of_record
TN:
SF:src/controllers/auth.controler.ts
FN:7,(anonymous_8)
FN:7,(anonymous_9)
FN:25,(anonymous_10)
FN:25,(anonymous_11)
FNF:4
FNH:0
FNDA:0,(anonymous_8)
FNDA:0,(anonymous_9)
FNDA:0,(anonymous_10)
FNDA:0,(anonymous_11)
DA:1,0
DA:2,0
DA:3,0
DA:5,0
DA:7,0
DA:9,0
DA:10,0
DA:12,0
DA:13,0
DA:14,0
DA:16,0
DA:17,0
DA:18,0
DA:20,0
DA:25,0
DA:27,0
DA:28,0
DA:30,0
DA:31,0
DA:32,0
DA:35,0
DA:37,0
DA:38,0
DA:41,0
DA:42,0
DA:43,0
DA:45,0
DA:49,0
LF:28
LH:0
BRDA:12,0,0,0
BRDA:30,1,0,0
BRDA:37,2,0,0
BRF:3
BRH:0
end_of_record
TN:
SF:src/models/timer.models.ts
FNF:0
FNH:0
DA:1,0
DA:9,0
DA:14,0
DA:16,0
LF:4
LH:0
BRF:0
BRH:0
end_of_record
TN:
SF:src/models/user.models.ts
FNF:0
FNH:0
DA:1,2
DA:9,2
DA:17,2
DA:19,2
LF:4
LH:4
BRF:0
BRH:0
end_of_record
TN:
SF:src/services/auth.services.ts
FN:9,(anonymous_8)
FN:15,(anonymous_9)
FN:15,(anonymous_10)
FN:30,(anonymous_11)
FN:30,(anonymous_12)
FNF:5
FNH:5
FNDA:2,(anonymous_8)
FNDA:3,(anonymous_9)
FNDA:3,(anonymous_10)
FNDA:2,(anonymous_11)
FNDA:2,(anonymous_12)
DA:3,2
DA:4,2
DA:5,2
DA:7,2
DA:9,2
DA:10,2
DA:15,3
DA:16,3
DA:17,3
DA:18,1
DA:21,2
DA:22,2
DA:23,1
DA:26,1
DA:27,1
DA:30,2
DA:31,2
DA:32,2
DA:33,1
DA:36,1
DA:42,1
DA:43,1
DA:45,1
DA:46,1
DA:49,1
DA:52,2
LF:26
LH:26
BRDA:7,0,0,2
BRDA:7,0,1,2
BRDA:17,1,0,1
BRDA:22,2,0,1
BRDA:32,3,0,1
BRF:5
BRH:5
end_of_record
TN:
SF:src/utils/checkbody.ts
FN:1,checkBody
FNF:1
FNH:0
FNDA:0,checkBody
DA:2,0
DA:4,0
DA:6,0
DA:7,0
DA:9,0
DA:11,0
DA:12,0
DA:16,0
DA:20,0
LF:9
LH:0
BRDA:7,0,0,0
BRDA:11,1,0,0
BRDA:11,2,0,0
BRDA:11,2,1,0
BRDA:11,2,2,0
BRF:5
BRH:0
end_of_record
